<?xml version="1.0" encoding="UTF-8"?>
<testng-results ignored="0" total="1" passed="1" failed="0" skipped="0">
  <reporter-output>
  </reporter-output>
  <suite started-at="2023-05-04T19:56:50 BST" name="Default suite" finished-at="2023-05-04T19:57:08 BST" duration-ms="18265">
    <groups>
    </groups>
    <test started-at="2023-05-04T19:56:50 BST" name="Default test" finished-at="2023-05-04T19:57:08 BST" duration-ms="18265">
      <class name="tests.TableTest">
        <test-method is-config="true" signature="browserlaunch()[pri:0, instance:tests.TableTest@248e319b]" started-at="2023-05-04T19:56:50 BST" name="browserlaunch" finished-at="2023-05-04T19:57:05 BST" duration-ms="15144" status="PASS">
          <reporter-output>
          </reporter-output>
        </test-method> <!-- browserlaunch -->
        <test-method signature="verifytablepage()[pri:0, instance:tests.TableTest@248e319b]" started-at="2023-05-04T19:57:05 BST" name="verifytablepage" finished-at="2023-05-04T19:57:07 BST" duration-ms="1671" status="PASS">
          <reporter-output>
          </reporter-output>
        </test-method> <!-- verifytablepage -->
        <test-method is-config="true" signature="terminate()[pri:0, instance:tests.TableTest@248e319b]" started-at="2023-05-04T19:57:07 BST" name="terminate" finished-at="2023-05-04T19:57:08 BST" duration-ms="1177" status="PASS">
          <reporter-output>
          </reporter-output>
        </test-method> <!-- terminate -->
      </class> <!-- tests.TableTest -->
    </test> <!-- Default test -->
  </suite> <!-- Default suite -->
</testng-results>
